<?xml version="1.0" encoding="UTF-8"?>
<testsuite xmlns:xsi="http://www.w3.org/2001/XMLSchema-instance" xsi:noNamespaceSchemaLocation="https://maven.apache.org/surefire/maven-surefire-plugin/xsd/surefire-test-report-3.0.xsd" version="3.0" name="hellocucumber.RunCucumberTest" time="3.127" tests="38" errors="0" skipped="0" failures="0">
  <properties>
[...]
</properties>
  <testcase name="Example #1.1" classname="Examples" time="0.977">
    <system-out><![CDATA[
Scenario Outline: Change description of a current task to a new one &amp#27;[90m# hellocucumber/ID01_ChangeTaskDescription.feature:13&amp#27;[0m
  &amp#27;[32mGiven &amp#27;[0m&amp#27;[32ma task with description A "&amp#27;[0m&amp#27;[32m&amp#27;[1mProject part A add comments&amp#27;[0m&amp#27;[32m"&amp#27;[0m     &amp#27;[90m# hellocucumber.StepDefinitions.a_task_with_description(java.lang.String)&amp#27;[0m
  &amp#27;[32mWhen &amp#27;[0m&amp#27;[32mI update the task description A to "&amp#27;[0m&amp#27;[32m&amp#27;[1mnew comment&amp#27;[0m&amp#27;[32m"&amp#27;[0m             &amp#27;[90m# hellocucumber.StepDefinitions.i_update_the_task_description_to(java.lang.String)&amp#27;[0m
  &amp#27;[32mThen &amp#27;[0m&amp#27;[32mthe task has description A "&amp#27;[0m&amp#27;[32m&amp#27;[1mnew comment&amp#27;[0m&amp#27;[32m"&amp#27;[0m                     &amp#27;[90m# hellocucumber.StepDefinitions.the_task_has_description(java.lang.String)&amp#27;[0m
]]></system-out>
  </testcase>
  <testcase name="Example #1.1" classname="Examples" time="0.071">
    <system-out><![CDATA[
Scenario Outline: Change description of a current task                  &amp#27;[90m# hellocucumber/ID01_ChangeTaskDescription.feature:23&amp#27;[0m
  &amp#27;[32mGiven &amp#27;[0m&amp#27;[32ma task with description B &amp#27;[0m&amp#27;[32m&amp#27;[1m"Project part A add comments"&amp#27;[0m         &amp#27;[90m# hellocucumber.StepDefinitions.a_task_with_description_b(java.lang.String)&amp#27;[0m
  &amp#27;[32mWhen &amp#27;[0m&amp#27;[32mI update the task description B to &amp#27;[0m&amp#27;[32m&amp#27;[1m"Project part A add comments"&amp#27;[0m &amp#27;[90m# hellocucumber.StepDefinitions.i_update_the_task_description_b_to(java.lang.String)&amp#27;[0m
  &amp#27;[32mThen &amp#27;[0m&amp#27;[32mthe task has description B &amp#27;[0m&amp#27;[32m&amp#27;[1m"Project part A add comments"&amp#27;[0m         &amp#27;[90m# hellocucumber.StepDefinitions.the_task_has_description_b(java.lang.String)&amp#27;[0m
]]></system-out>
  </testcase>
  <testcase name="Example #1.1" classname="Examples" time="0.045">
    <system-out><![CDATA[
Scenario Outline: Change description of a non existent task               &amp#27;[90m# hellocucumber/ID01_ChangeTaskDescription.feature:33&amp#27;[0m
  &amp#27;[32mGiven &amp#27;[0m&amp#27;[32ma task with description C &amp#27;[0m&amp#27;[32m&amp#27;[1m"watch 360 lectures"&amp#27;[0m                    &amp#27;[90m# hellocucumber.StepDefinitions.a_task_with_description_c(java.lang.String)&amp#27;[0m
  &amp#27;[32mWhen &amp#27;[0m&amp#27;[32mI update the task C &amp#27;[0m&amp#27;[32m&amp#27;[1m"1790"&amp#27;[0m&amp#27;[32m with description &amp#27;[0m&amp#27;[32m&amp#27;[1m"catch up on lectures"&amp#27;[0m &amp#27;[90m# hellocucumber.StepDefinitions.i_update_the_task_c_with_description(java.lang.String,java.lang.String)&amp#27;[0m
  &amp#27;[32mThen &amp#27;[0m&amp#27;[32mthe returned status code is &amp#27;[0m&amp#27;[32m&amp#27;[1m"404"&amp#27;[0m                                  &amp#27;[90m# hellocucumber.StepDefinitions.the_returned_status_code_is(java.lang.String)&amp#27;[0m
]]></system-out>
  </testcase>
  <testcase name="Example #1.1" classname="Examples" time="0.034">
    <system-out><![CDATA[
Scenario Outline: Creating a new category              &amp#27;[90m# hellocucumber/ID06_CreateCategory.feature:14&amp#27;[0m
  &amp#27;[32mGiven &amp#27;[0m&amp#27;[32ma categories list &amp#27;[0m&amp#27;[32m&amp#27;[1m"Home"&amp#27;[0m                       &amp#27;[90m# hellocucumber.StepDefinitionsCategories.a_categories_list(java.lang.String)&amp#27;[0m
  &amp#27;[32mWhen &amp#27;[0m&amp#27;[32mI create the category &amp#27;[0m&amp#27;[32m&amp#27;[1m"Office"&amp#27;[0m                  &amp#27;[90m# hellocucumber.StepDefinitionsCategories.i_create_the_category(java.lang.String)&amp#27;[0m
  &amp#27;[32mThen &amp#27;[0m&amp#27;[32mthe returned status code of the system is &amp#27;[0m&amp#27;[32m&amp#27;[1m"200"&amp#27;[0m &amp#27;[90m# hellocucumber.StepDefinitionsCategories.the_returned_status_code_of_the_system_is(java.lang.String)&amp#27;[0m
  &amp#27;[32mAnd &amp#27;[0m&amp#27;[32m&amp#27;[0m&amp#27;[32m&amp#27;[1m"Office"&amp#27;[0m&amp#27;[32m will be in the list &amp#27;[0m&amp#27;[32m&amp#27;[1m"Home,Office"&amp#27;[0m       &amp#27;[90m# hellocucumber.StepDefinitionsCategories.will_be_in_the_list(java.lang.String,java.lang.String)&amp#27;[0m
]]></system-out>
  </testcase>
  <testcase name="Example #1.1" classname="Examples" time="0.056">
    <system-out><![CDATA[
Scenario Outline: Creating a new category with existing title &amp#27;[90m# hellocucumber/ID06_CreateCategory.feature:25&amp#27;[0m
  &amp#27;[32mGiven &amp#27;[0m&amp#27;[32ma categories list &amp#27;[0m&amp#27;[32m&amp#27;[1m"Home"&amp#27;[0m                              &amp#27;[90m# hellocucumber.StepDefinitionsCategories.a_categories_list(java.lang.String)&amp#27;[0m
  &amp#27;[32mWhen &amp#27;[0m&amp#27;[32mI create the category &amp#27;[0m&amp#27;[32m&amp#27;[1m"Home"&amp#27;[0m                           &amp#27;[90m# hellocucumber.StepDefinitionsCategories.i_create_the_category(java.lang.String)&amp#27;[0m
  &amp#27;[32mThen &amp#27;[0m&amp#27;[32mthe returned status code of the system is &amp#27;[0m&amp#27;[32m&amp#27;[1m"200"&amp#27;[0m        &amp#27;[90m# hellocucumber.StepDefinitionsCategories.the_returned_status_code_of_the_system_is(java.lang.String)&amp#27;[0m
  &amp#27;[32mAnd &amp#27;[0m&amp#27;[32m&amp#27;[0m&amp#27;[32m&amp#27;[1m"Home"&amp#27;[0m&amp#27;[32m will be in the list &amp#27;[0m&amp#27;[32m&amp#27;[1m"Home,Home"&amp#27;[0m                  &amp#27;[90m# hellocucumber.StepDefinitionsCategories.will_be_in_the_list(java.lang.String,java.lang.String)&amp#27;[0m
]]></system-out>
  </testcase>
  <testcase name="Example #1.1" classname="Examples" time="0.049">
    <system-out><![CDATA[
Scenario Outline: Creating a new category with empty title                         &amp#27;[90m# hellocucumber/ID06_CreateCategory.feature:36&amp#27;[0m
  &amp#27;[32mGiven &amp#27;[0m&amp#27;[32ma categories list &amp#27;[0m&amp#27;[32m&amp#27;[1m"Home"&amp#27;[0m                                                   &amp#27;[90m# hellocucumber.StepDefinitionsCategories.a_categories_list(java.lang.String)&amp#27;[0m
  &amp#27;[32mWhen &amp#27;[0m&amp#27;[32mI create the category &amp#27;[0m&amp#27;[32m&amp#27;[1m""&amp#27;[0m                                                    &amp#27;[90m# hellocucumber.StepDefinitionsCategories.i_create_the_category(java.lang.String)&amp#27;[0m
  &amp#27;[32mThen &amp#27;[0m&amp#27;[32mthe returned status code of the system is &amp#27;[0m&amp#27;[32m&amp#27;[1m"404"&amp#27;[0m                             &amp#27;[90m# hellocucumber.StepDefinitionsCategories.the_returned_status_code_of_the_system_is(java.lang.String)&amp#27;[0m
  &amp#27;[32mAnd &amp#27;[0m&amp#27;[32mthe error message &amp#27;[0m&amp#27;[32m&amp#27;[1m"Failed Validation: title : can not be empty"&amp#27;[0m&amp#27;[32m is displayed&amp#27;[0m &amp#27;[90m# hellocucumber.StepDefinitionsCategories.the_error_message_is_displayed(java.lang.String)&amp#27;[0m
]]></system-out>
  </testcase>
  <testcase name="Example #1.1" classname="Examples" time="0.035">
    <system-out><![CDATA[
Scenario Outline: Adding a project to a category              &amp#27;[90m# hellocucumber/ID07_AddingProjectToCategory.feature:15&amp#27;[0m
  &amp#27;[32mGiven &amp#27;[0m&amp#27;[32mthe category &amp#27;[0m&amp#27;[32m&amp#27;[1m"Home"&amp#27;[0m                                   &amp#27;[90m# hellocucumber.StepDefinitionsCategories.the_category(java.lang.String)&amp#27;[0m
  &amp#27;[32mWhen &amp#27;[0m&amp#27;[32mI create the project &amp#27;[0m&amp#27;[32m&amp#27;[1m"project1"&amp#27;[0m&amp#27;[32m in the category &amp#27;[0m&amp#27;[32m&amp#27;[1m"Home"&amp#27;[0m &amp#27;[90m# hellocucumber.StepDefinitionsCategories.i_create_the_project_in_the_category(java.lang.String,java.lang.String)&amp#27;[0m
  &amp#27;[32mThen &amp#27;[0m&amp#27;[32mthe status code of the system is &amp#27;[0m&amp#27;[32m&amp#27;[1m"200"&amp#27;[0m                 &amp#27;[90m# hellocucumber.StepDefinitionsCategories.the_status_code_of_the_system_is(java.lang.String)&amp#27;[0m
  &amp#27;[32mAnd &amp#27;[0m&amp#27;[32mthe project &amp#27;[0m&amp#27;[32m&amp#27;[1m"project1"&amp#27;[0m&amp#27;[32m shall be in the category &amp#27;[0m&amp#27;[32m&amp#27;[1m"Home"&amp#27;[0m  &amp#27;[90m# hellocucumber.StepDefinitionsCategories.the_project_shall_be_in_the_category(java.lang.String,java.lang.String)&amp#27;[0m
]]></system-out>
  </testcase>
  <testcase name="Example #1.1" classname="Examples" time="0.063">
    <system-out><![CDATA[
Scenario Outline: Adding a project to a category with empty title &amp#27;[90m# hellocucumber/ID07_AddingProjectToCategory.feature:26&amp#27;[0m
  &amp#27;[32mGiven &amp#27;[0m&amp#27;[32mthe category &amp#27;[0m&amp#27;[32m&amp#27;[1m"Home"&amp#27;[0m                                       &amp#27;[90m# hellocucumber.StepDefinitionsCategories.the_category(java.lang.String)&amp#27;[0m
  &amp#27;[32mWhen &amp#27;[0m&amp#27;[32mI create the project &amp#27;[0m&amp#27;[32m&amp#27;[1m""&amp#27;[0m&amp#27;[32m in the category &amp#27;[0m&amp#27;[32m&amp#27;[1m"Home"&amp#27;[0m             &amp#27;[90m# hellocucumber.StepDefinitionsCategories.i_create_the_project_in_the_category(java.lang.String,java.lang.String)&amp#27;[0m
  &amp#27;[32mThen &amp#27;[0m&amp#27;[32mthe status code of the system is &amp#27;[0m&amp#27;[32m&amp#27;[1m"200"&amp#27;[0m                     &amp#27;[90m# hellocucumber.StepDefinitionsCategories.the_status_code_of_the_system_is(java.lang.String)&amp#27;[0m
  &amp#27;[32mAnd &amp#27;[0m&amp#27;[32mthe project &amp#27;[0m&amp#27;[32m&amp#27;[1m""&amp#27;[0m&amp#27;[32m shall be in the category &amp#27;[0m&amp#27;[32m&amp#27;[1m"Home"&amp#27;[0m              &amp#27;[90m# hellocucumber.StepDefinitionsCategories.the_project_shall_be_in_the_category(java.lang.String,java.lang.String)&amp#27;[0m
]]></system-out>
  </testcase>
  <testcase name="Example #1.1" classname="Examples" time="0.051">
    <system-out><![CDATA[
Scenario Outline: Adding a project to a category with an id                            &amp#27;[90m# hellocucumber/ID07_AddingProjectToCategory.feature:36&amp#27;[0m
  &amp#27;[32mGiven &amp#27;[0m&amp#27;[32mthe category &amp#27;[0m&amp#27;[32m&amp#27;[1m"Home"&amp#27;[0m                                                            &amp#27;[90m# hellocucumber.StepDefinitionsCategories.the_category(java.lang.String)&amp#27;[0m
  &amp#27;[32mWhen &amp#27;[0m&amp#27;[32mI create the project &amp#27;[0m&amp#27;[32m&amp#27;[1m"project1"&amp#27;[0m&amp#27;[32m with id &amp#27;[0m&amp#27;[32m&amp#27;[1m1&amp#27;[0m&amp#27;[32m in the category &amp#27;[0m&amp#27;[32m&amp#27;[1m"Home"&amp#27;[0m                &amp#27;[90m# hellocucumber.StepDefinitionsCategories.i_create_the_project_with_id_in_the_category(java.lang.String,java.lang.Integer,java.lang.String)&amp#27;[0m
  &amp#27;[32mAnd &amp#27;[0m&amp#27;[32mthe error message &amp#27;[0m&amp#27;[32m&amp#27;[1m"Could not find thing matching value for id"&amp#27;[0m&amp#27;[32m is shown for id &amp#27;[0m&amp#27;[32m&amp#27;[1m1&amp#27;[0m &amp#27;[90m# hellocucumber.StepDefinitionsCategories.the_error_message_is_shown_for_id(java.lang.String,int)&amp#27;[0m
]]></system-out>
  </testcase>
  <testcase name="Example #1.1" classname="Examples" time="0.034">
    <system-out><![CDATA[
Scenario Outline: Adjust a category description                         &amp#27;[90m# hellocucumber/ID08_AdjustoCategoryDescription.feature:13&amp#27;[0m
  &amp#27;[32mGiven &amp#27;[0m&amp#27;[32ma category with description A &amp#27;[0m&amp#27;[32m&amp#27;[1m"Home in my room"&amp#27;[0m                 &amp#27;[90m# hellocucumber.StepDefinitionsCategories.a_category_with_description_a(java.lang.String)&amp#27;[0m
  &amp#27;[32mWhen &amp#27;[0m&amp#27;[32mI update the category description A to &amp#27;[0m&amp#27;[32m&amp#27;[1m"Home in the living room"&amp#27;[0m &amp#27;[90m# hellocucumber.StepDefinitionsCategories.i_update_the_category_description_a_to(java.lang.String)&amp#27;[0m
  &amp#27;[32mThen &amp#27;[0m&amp#27;[32mthe category has description A &amp#27;[0m&amp#27;[32m&amp#27;[1m"Home in the living room"&amp#27;[0m         &amp#27;[90m# hellocucumber.StepDefinitionsCategories.the_category_has_description_a(java.lang.String)&amp#27;[0m
]]></system-out>
  </testcase>
  <testcase name="Example #1.1" classname="Examples" time="0.074">
    <system-out><![CDATA[
Scenario Outline: Adjust a category description                 &amp#27;[90m# hellocucumber/ID08_AdjustoCategoryDescription.feature:23&amp#27;[0m
  &amp#27;[32mGiven &amp#27;[0m&amp#27;[32ma category with description A &amp#27;[0m&amp#27;[32m&amp#27;[1m"Home in my room"&amp#27;[0m         &amp#27;[90m# hellocucumber.StepDefinitionsCategories.a_category_with_description_a(java.lang.String)&amp#27;[0m
  &amp#27;[32mWhen &amp#27;[0m&amp#27;[32mI update the category description A to &amp#27;[0m&amp#27;[32m&amp#27;[1m"Home in my room"&amp#27;[0m &amp#27;[90m# hellocucumber.StepDefinitionsCategories.i_update_the_category_description_a_to(java.lang.String)&amp#27;[0m
  &amp#27;[32mThen &amp#27;[0m&amp#27;[32mthe category has description A &amp#27;[0m&amp#27;[32m&amp#27;[1m"Home in my room"&amp#27;[0m         &amp#27;[90m# hellocucumber.StepDefinitionsCategories.the_category_has_description_a(java.lang.String)&amp#27;[0m
]]></system-out>
  </testcase>
  <testcase name="Example #1.1" classname="Examples" time="0.024">
    <system-out><![CDATA[
Scenario Outline: Change description with empty category title                &amp#27;[90m# hellocucumber/ID08_AdjustoCategoryDescription.feature:34&amp#27;[0m
  &amp#27;[32mGiven &amp#27;[0m&amp#27;[32ma category with description A &amp#27;[0m&amp#27;[32m&amp#27;[1m"Home after dinner"&amp#27;[0m                     &amp#27;[90m# hellocucumber.StepDefinitionsCategories.a_category_with_description_a(java.lang.String)&amp#27;[0m
  &amp#27;[32mWhen &amp#27;[0m&amp#27;[32mI update the category A &amp#27;[0m&amp#27;[32m&amp#27;[1m""&amp#27;[0m&amp#27;[32m with description &amp#27;[0m&amp#27;[32m&amp#27;[1m"During lunch break"&amp#27;[0m       &amp#27;[90m# hellocucumber.StepDefinitionsCategories.i_update_the_category_a_with_description(java.lang.String,java.lang.String)&amp#27;[0m
  &amp#27;[32mThen &amp#27;[0m&amp#27;[32mthe status code is &amp#27;[0m&amp#27;[32m&amp#27;[1m"400"&amp#27;[0m                                               &amp#27;[90m# hellocucumber.StepDefinitionsCategories.the_status_code_is(java.lang.String)&amp#27;[0m
  &amp#27;[32mAnd &amp#27;[0m&amp#27;[32mthe error message &amp#27;[0m&amp#27;[32m&amp#27;[1m"Failed Validation: title : can not be empty"&amp#27;[0m&amp#27;[32m appears&amp#27;[0m &amp#27;[90m# hellocucumber.StepDefinitionsCategories.the_error_message_appears(java.lang.String)&amp#27;[0m
]]></system-out>
  </testcase>
  <testcase name="Example #1.1" classname="Examples" time="0.053">
    <system-out><![CDATA[
Scenario Outline: Change category title          &amp#27;[90m# hellocucumber/ID09_ChangeCategoryTitle.feature:13&amp#27;[0m
  &amp#27;[32mGiven &amp#27;[0m&amp#27;[32ma category with title A &amp#27;[0m&amp#27;[32m&amp#27;[1m"Home"&amp#27;[0m           &amp#27;[90m# hellocucumber.StepDefinitionsCategories.a_category_with_title_a(java.lang.String)&amp#27;[0m
  &amp#27;[32mWhen &amp#27;[0m&amp#27;[32mI update the category title A to &amp#27;[0m&amp#27;[32m&amp#27;[1m"Office"&amp#27;[0m &amp#27;[90m# hellocucumber.StepDefinitionsCategories.i_update_the_category_title_a_to(java.lang.String)&amp#27;[0m
  &amp#27;[32mThen &amp#27;[0m&amp#27;[32mthe category has title A &amp#27;[0m&amp#27;[32m&amp#27;[1m"Office"&amp#27;[0m         &amp#27;[90m# hellocucumber.StepDefinitionsCategories.the_category_has_title_a(java.lang.String)&amp#27;[0m
]]></system-out>
  </testcase>
  <testcase name="Example #1.1" classname="Examples" time="0.023">
    <system-out><![CDATA[
Scenario Outline: Change category title with same title &amp#27;[90m# hellocucumber/ID09_ChangeCategoryTitle.feature:23&amp#27;[0m
  &amp#27;[32mGiven &amp#27;[0m&amp#27;[32ma category with title A &amp#27;[0m&amp#27;[32m&amp#27;[1m"Home"&amp#27;[0m                  &amp#27;[90m# hellocucumber.StepDefinitionsCategories.a_category_with_title_a(java.lang.String)&amp#27;[0m
  &amp#27;[32mWhen &amp#27;[0m&amp#27;[32mI update the category title A to &amp#27;[0m&amp#27;[32m&amp#27;[1m"Home"&amp#27;[0m          &amp#27;[90m# hellocucumber.StepDefinitionsCategories.i_update_the_category_title_a_to(java.lang.String)&amp#27;[0m
  &amp#27;[32mThen &amp#27;[0m&amp#27;[32mthe category has title A &amp#27;[0m&amp#27;[32m&amp#27;[1m"Home"&amp#27;[0m                  &amp#27;[90m# hellocucumber.StepDefinitionsCategories.the_category_has_title_a(java.lang.String)&amp#27;[0m
]]></system-out>
  </testcase>
  <testcase name="Example #1.1" classname="Examples" time="0.034">
    <system-out><![CDATA[
Scenario Outline: Change title with empty category title                      &amp#27;[90m# hellocucumber/ID09_ChangeCategoryTitle.feature:34&amp#27;[0m
  &amp#27;[32mGiven &amp#27;[0m&amp#27;[32ma category with title A &amp#27;[0m&amp#27;[32m&amp#27;[1m"Home"&amp#27;[0m                                        &amp#27;[90m# hellocucumber.StepDefinitionsCategories.a_category_with_title_a(java.lang.String)&amp#27;[0m
  &amp#27;[32mWhen &amp#27;[0m&amp#27;[32mI update the category title A to &amp#27;[0m&amp#27;[32m&amp#27;[1m""&amp#27;[0m                                    &amp#27;[90m# hellocucumber.StepDefinitionsCategories.i_update_the_category_title_a_to(java.lang.String)&amp#27;[0m
  &amp#27;[32mThen &amp#27;[0m&amp#27;[32mthe status code is &amp#27;[0m&amp#27;[32m&amp#27;[1m"400"&amp#27;[0m                                               &amp#27;[90m# hellocucumber.StepDefinitionsCategories.the_status_code_is(java.lang.String)&amp#27;[0m
  &amp#27;[32mAnd &amp#27;[0m&amp#27;[32mthe error message &amp#27;[0m&amp#27;[32m&amp#27;[1m"Failed Validation: title : can not be empty"&amp#27;[0m&amp#27;[32m appears&amp#27;[0m &amp#27;[90m# hellocucumber.StepDefinitionsCategories.the_error_message_appears(java.lang.String)&amp#27;[0m
]]></system-out>
  </testcase>
  <testcase name="Example #1.1" classname="Examples" time="0.053">
    <system-out><![CDATA[
Scenario Outline: Remove category                      &amp#27;[90m# hellocucumber/ID10_RemoveCategory.feature:15&amp#27;[0m
  &amp#27;[32mGiven &amp#27;[0m&amp#27;[32ma category with title A &amp#27;[0m&amp#27;[32m&amp#27;[1m"Home"&amp#27;[0m                 &amp#27;[90m# hellocucumber.StepDefinitionsCategories.a_category_with_title_a(java.lang.String)&amp#27;[0m
  &amp#27;[32mWhen &amp#27;[0m&amp#27;[32mI remove the category title A &amp#27;[0m&amp#27;[32m&amp#27;[1m"Home"&amp#27;[0m            &amp#27;[90m# hellocucumber.StepDefinitionsCategories.i_remove_the_category_title_a(java.lang.String)&amp#27;[0m
  &amp#27;[32mThen &amp#27;[0m&amp#27;[32mthe status code is &amp#27;[0m&amp#27;[32m&amp#27;[1m"200"&amp#27;[0m                        &amp#27;[90m# hellocucumber.StepDefinitionsCategories.the_status_code_is(java.lang.String)&amp#27;[0m
  &amp#27;[32mAnd &amp#27;[0m&amp#27;[32mthe category with title A &amp#27;[0m&amp#27;[32m&amp#27;[1m"Home"&amp#27;[0m&amp#27;[32m will be removed&amp#27;[0m &amp#27;[90m# hellocucumber.StepDefinitionsCategories.the_category_with_title_a_will_be_removed(java.lang.String)&amp#27;[0m
]]></system-out>
  </testcase>
  <testcase name="Example #1.1" classname="Examples" time="0.047">
    <system-out><![CDATA[
Scenario Outline: Remove category                                              &amp#27;[90m# hellocucumber/ID10_RemoveCategory.feature:26&amp#27;[0m
  &amp#27;[32mGiven &amp#27;[0m&amp#27;[32ma category with title A &amp#27;[0m&amp#27;[32m&amp#27;[1m"Home"&amp#27;[0m&amp#27;[32m and project &amp#27;[0m&amp#27;[32m&amp#27;[1m"project1"&amp#27;[0m                  &amp#27;[90m# hellocucumber.StepDefinitionsCategories.a_category_with_title_a_and_project(java.lang.String,java.lang.String)&amp#27;[0m
  &amp#27;[32mWhen &amp#27;[0m&amp#27;[32mI remove the category title A &amp#27;[0m&amp#27;[32m&amp#27;[1m"Home"&amp#27;[0m                                    &amp#27;[90m# hellocucumber.StepDefinitionsCategories.i_remove_the_category_title_a(java.lang.String)&amp#27;[0m
  &amp#27;[32mThen &amp#27;[0m&amp#27;[32mthe status code is &amp#27;[0m&amp#27;[32m&amp#27;[1m"200"&amp#27;[0m                                                &amp#27;[90m# hellocucumber.StepDefinitionsCategories.the_status_code_is(java.lang.String)&amp#27;[0m
  &amp#27;[32mAnd &amp#27;[0m&amp#27;[32mthe relationship between &amp#27;[0m&amp#27;[32m&amp#27;[1m"project1"&amp#27;[0m&amp#27;[32m and the category &amp#27;[0m&amp#27;[32m&amp#27;[1m"Home"&amp#27;[0m&amp#27;[32m is destroyed&amp#27;[0m &amp#27;[90m# hellocucumber.StepDefinitionsCategories.the_relationship_between_and_the_category_is_destroyed(java.lang.String,java.lang.String)&amp#27;[0m
]]></system-out>
  </testcase>
  <testcase name="Example #1.1" classname="Examples" time="0.034">
    <system-out><![CDATA[
Scenario Outline: Remove category with wrong id                                     &amp#27;[90m# hellocucumber/ID10_RemoveCategory.feature:38&amp#27;[0m
  &amp#27;[32mGiven &amp#27;[0m&amp#27;[32ma category with title A &amp#27;[0m&amp#27;[32m&amp#27;[1m"Home"&amp#27;[0m                                              &amp#27;[90m# hellocucumber.StepDefinitionsCategories.a_category_with_title_a(java.lang.String)&amp#27;[0m
  &amp#27;[32mWhen &amp#27;[0m&amp#27;[32mI remove the category ID &amp#27;[0m&amp#27;[32m&amp#27;[1m5000&amp#27;[0m&amp#27;[32m and title A &amp#27;[0m&amp#27;[32m&amp#27;[1m"Home"&amp#27;[0m                             &amp#27;[90m# hellocucumber.StepDefinitionsCategories.i_remove_the_category_id_and_title_a(java.lang.Integer,java.lang.String)&amp#27;[0m
  &amp#27;[32mThen &amp#27;[0m&amp#27;[32mthe status code is &amp#27;[0m&amp#27;[32m&amp#27;[1m"404"&amp#27;[0m                                                     &amp#27;[90m# hellocucumber.StepDefinitionsCategories.the_status_code_is(java.lang.String)&amp#27;[0m
  &amp#27;[32mAnd &amp#27;[0m&amp#27;[32mthe category with title A &amp#27;[0m&amp#27;[32m&amp#27;[1m"Home"&amp#27;[0m&amp#27;[32m will be not be removed&amp#27;[0m                       &amp#27;[90m# hellocucumber.StepDefinitionsCategories.the_category_with_title_a_will_be_not_be_removed(java.lang.String)&amp#27;[0m
  &amp#27;[32mAnd &amp#27;[0m&amp#27;[32mthe error message &amp#27;[0m&amp#27;[32m&amp#27;[1m"Could not find any instances with categories/5000"&amp#27;[0m&amp#27;[32m appears&amp#27;[0m &amp#27;[90m# hellocucumber.StepDefinitionsCategories.the_error_message_appears(java.lang.String)&amp#27;[0m
]]></system-out>
  </testcase>
  <testcase name="Example #1.2" classname="Examples" time="0.079">
    <system-out><![CDATA[
Scenario Outline: Change description of a current task to a new one &amp#27;[90m# hellocucumber/ID01_ChangeTaskDescription.feature:14&amp#27;[0m
  &amp#27;[32mGiven &amp#27;[0m&amp#27;[32ma task with description A "&amp#27;[0m&amp#27;[32m&amp#27;[1mProject part C add comments&amp#27;[0m&amp#27;[32m"&amp#27;[0m     &amp#27;[90m# hellocucumber.StepDefinitions.a_task_with_description(java.lang.String)&amp#27;[0m
  &amp#27;[32mWhen &amp#27;[0m&amp#27;[32mI update the task description A to "&amp#27;[0m&amp#27;[32m&amp#27;[1mstudy for midterms&amp#27;[0m&amp#27;[32m"&amp#27;[0m      &amp#27;[90m# hellocucumber.StepDefinitions.i_update_the_task_description_to(java.lang.String)&amp#27;[0m
  &amp#27;[32mThen &amp#27;[0m&amp#27;[32mthe task has description A "&amp#27;[0m&amp#27;[32m&amp#27;[1mstudy for midterms&amp#27;[0m&amp#27;[32m"&amp#27;[0m              &amp#27;[90m# hellocucumber.StepDefinitions.the_task_has_description(java.lang.String)&amp#27;[0m
]]></system-out>
  </testcase>
  <testcase name="Example #1.2" classname="Examples" time="0.056">
    <system-out><![CDATA[
Scenario Outline: Change description of a current task    &amp#27;[90m# hellocucumber/ID01_ChangeTaskDescription.feature:24&amp#27;[0m
  &amp#27;[32mGiven &amp#27;[0m&amp#27;[32ma task with description B &amp#27;[0m&amp#27;[32m&amp#27;[1m"watch Week 5 lectures"&amp#27;[0m &amp#27;[90m# hellocucumber.StepDefinitions.a_task_with_description_b(java.lang.String)&amp#27;[0m
  &amp#27;[32mWhen &amp#27;[0m&amp#27;[32mI update the task description B to &amp#27;[0m&amp#27;[32m&amp#27;[1m""&amp#27;[0m              &amp#27;[90m# hellocucumber.StepDefinitions.i_update_the_task_description_b_to(java.lang.String)&amp#27;[0m
  &amp#27;[32mThen &amp#27;[0m&amp#27;[32mthe task has description B &amp#27;[0m&amp#27;[32m&amp#27;[1m""&amp#27;[0m                      &amp#27;[90m# hellocucumber.StepDefinitions.the_task_has_description_b(java.lang.String)&amp#27;[0m
]]></system-out>
  </testcase>
  <testcase name="Example #1.2" classname="Examples" time="0.072">
    <system-out><![CDATA[
Scenario Outline: Change description of a non existent task          &amp#27;[90m# hellocucumber/ID01_ChangeTaskDescription.feature:34&amp#27;[0m
  &amp#27;[32mGiven &amp#27;[0m&amp#27;[32ma task with description C &amp#27;[0m&amp#27;[32m&amp#27;[1m"watch lectures"&amp#27;[0m                   &amp#27;[90m# hellocucumber.StepDefinitions.a_task_with_description_c(java.lang.String)&amp#27;[0m
  &amp#27;[32mWhen &amp#27;[0m&amp#27;[32mI update the task C &amp#27;[0m&amp#27;[32m&amp#27;[1m"17893"&amp#27;[0m&amp#27;[32m with description &amp#27;[0m&amp#27;[32m&amp#27;[1m"do assignments"&amp#27;[0m &amp#27;[90m# hellocucumber.StepDefinitions.i_update_the_task_c_with_description(java.lang.String,java.lang.String)&amp#27;[0m
  &amp#27;[32mThen &amp#27;[0m&amp#27;[32mthe returned status code is &amp#27;[0m&amp#27;[32m&amp#27;[1m"404"&amp#27;[0m                             &amp#27;[90m# hellocucumber.StepDefinitions.the_returned_status_code_is(java.lang.String)&amp#27;[0m
]]></system-out>
  </testcase>
  <testcase name="Example #1.2" classname="Examples" time="0.059">
    <system-out><![CDATA[
Scenario Outline: Creating a new category              &amp#27;[90m# hellocucumber/ID06_CreateCategory.feature:15&amp#27;[0m
  &amp#27;[32mGiven &amp#27;[0m&amp#27;[32ma categories list &amp#27;[0m&amp#27;[32m&amp#27;[1m"School"&amp#27;[0m                     &amp#27;[90m# hellocucumber.StepDefinitionsCategories.a_categories_list(java.lang.String)&amp#27;[0m
  &amp#27;[32mWhen &amp#27;[0m&amp#27;[32mI create the category &amp#27;[0m&amp#27;[32m&amp#27;[1m"Library"&amp#27;[0m                 &amp#27;[90m# hellocucumber.StepDefinitionsCategories.i_create_the_category(java.lang.String)&amp#27;[0m
  &amp#27;[32mThen &amp#27;[0m&amp#27;[32mthe returned status code of the system is &amp#27;[0m&amp#27;[32m&amp#27;[1m"200"&amp#27;[0m &amp#27;[90m# hellocucumber.StepDefinitionsCategories.the_returned_status_code_of_the_system_is(java.lang.String)&amp#27;[0m
  &amp#27;[32mAnd &amp#27;[0m&amp#27;[32m&amp#27;[0m&amp#27;[32m&amp#27;[1m"Library"&amp#27;[0m&amp#27;[32m will be in the list &amp#27;[0m&amp#27;[32m&amp#27;[1m"School,Library"&amp#27;[0m   &amp#27;[90m# hellocucumber.StepDefinitionsCategories.will_be_in_the_list(java.lang.String,java.lang.String)&amp#27;[0m
]]></system-out>
  </testcase>
  <testcase name="Example #1.2" classname="Examples" time="0.052">
    <system-out><![CDATA[
Scenario Outline: Creating a new category with existing title &amp#27;[90m# hellocucumber/ID06_CreateCategory.feature:26&amp#27;[0m
  &amp#27;[32mGiven &amp#27;[0m&amp#27;[32ma categories list &amp#27;[0m&amp#27;[32m&amp#27;[1m"School"&amp#27;[0m                            &amp#27;[90m# hellocucumber.StepDefinitionsCategories.a_categories_list(java.lang.String)&amp#27;[0m
  &amp#27;[32mWhen &amp#27;[0m&amp#27;[32mI create the category &amp#27;[0m&amp#27;[32m&amp#27;[1m"School"&amp#27;[0m                         &amp#27;[90m# hellocucumber.StepDefinitionsCategories.i_create_the_category(java.lang.String)&amp#27;[0m
  &amp#27;[32mThen &amp#27;[0m&amp#27;[32mthe returned status code of the system is &amp#27;[0m&amp#27;[32m&amp#27;[1m"200"&amp#27;[0m        &amp#27;[90m# hellocucumber.StepDefinitionsCategories.the_returned_status_code_of_the_system_is(java.lang.String)&amp#27;[0m
  &amp#27;[32mAnd &amp#27;[0m&amp#27;[32m&amp#27;[0m&amp#27;[32m&amp#27;[1m"School"&amp#27;[0m&amp#27;[32m will be in the list &amp#27;[0m&amp#27;[32m&amp#27;[1m"School,School"&amp#27;[0m            &amp#27;[90m# hellocucumber.StepDefinitionsCategories.will_be_in_the_list(java.lang.String,java.lang.String)&amp#27;[0m
]]></system-out>
  </testcase>
  <testcase name="Example #1.2" classname="Examples" time="0.027">
    <system-out><![CDATA[
Scenario Outline: Creating a new category with empty title                         &amp#27;[90m# hellocucumber/ID06_CreateCategory.feature:37&amp#27;[0m
  &amp#27;[32mGiven &amp#27;[0m&amp#27;[32ma categories list &amp#27;[0m&amp#27;[32m&amp#27;[1m"School"&amp#27;[0m                                                 &amp#27;[90m# hellocucumber.StepDefinitionsCategories.a_categories_list(java.lang.String)&amp#27;[0m
  &amp#27;[32mWhen &amp#27;[0m&amp#27;[32mI create the category &amp#27;[0m&amp#27;[32m&amp#27;[1m""&amp#27;[0m                                                    &amp#27;[90m# hellocucumber.StepDefinitionsCategories.i_create_the_category(java.lang.String)&amp#27;[0m
  &amp#27;[32mThen &amp#27;[0m&amp#27;[32mthe returned status code of the system is &amp#27;[0m&amp#27;[32m&amp#27;[1m"404"&amp#27;[0m                             &amp#27;[90m# hellocucumber.StepDefinitionsCategories.the_returned_status_code_of_the_system_is(java.lang.String)&amp#27;[0m
  &amp#27;[32mAnd &amp#27;[0m&amp#27;[32mthe error message &amp#27;[0m&amp#27;[32m&amp#27;[1m"Failed Validation: title : can not be empty"&amp#27;[0m&amp#27;[32m is displayed&amp#27;[0m &amp#27;[90m# hellocucumber.StepDefinitionsCategories.the_error_message_is_displayed(java.lang.String)&amp#27;[0m
]]></system-out>
  </testcase>
  <testcase name="Example #1.2" classname="Examples" time="0.051">
    <system-out><![CDATA[
Scenario Outline: Adding a project to a category                &amp#27;[90m# hellocucumber/ID07_AddingProjectToCategory.feature:16&amp#27;[0m
  &amp#27;[32mGiven &amp#27;[0m&amp#27;[32mthe category &amp#27;[0m&amp#27;[32m&amp#27;[1m"School"&amp#27;[0m                                   &amp#27;[90m# hellocucumber.StepDefinitionsCategories.the_category(java.lang.String)&amp#27;[0m
  &amp#27;[32mWhen &amp#27;[0m&amp#27;[32mI create the project &amp#27;[0m&amp#27;[32m&amp#27;[1m"project2"&amp#27;[0m&amp#27;[32m in the category &amp#27;[0m&amp#27;[32m&amp#27;[1m"School"&amp#27;[0m &amp#27;[90m# hellocucumber.StepDefinitionsCategories.i_create_the_project_in_the_category(java.lang.String,java.lang.String)&amp#27;[0m
  &amp#27;[32mThen &amp#27;[0m&amp#27;[32mthe status code of the system is &amp#27;[0m&amp#27;[32m&amp#27;[1m"200"&amp#27;[0m                   &amp#27;[90m# hellocucumber.StepDefinitionsCategories.the_status_code_of_the_system_is(java.lang.String)&amp#27;[0m
  &amp#27;[32mAnd &amp#27;[0m&amp#27;[32mthe project &amp#27;[0m&amp#27;[32m&amp#27;[1m"project2"&amp#27;[0m&amp#27;[32m shall be in the category &amp#27;[0m&amp#27;[32m&amp#27;[1m"School"&amp#27;[0m  &amp#27;[90m# hellocucumber.StepDefinitionsCategories.the_project_shall_be_in_the_category(java.lang.String,java.lang.String)&amp#27;[0m
]]></system-out>
  </testcase>
  <testcase name="Example #1.2" classname="Examples" time="0.049">
    <system-out><![CDATA[
Scenario Outline: Adding a project to a category with empty title &amp#27;[90m# hellocucumber/ID07_AddingProjectToCategory.feature:27&amp#27;[0m
  &amp#27;[32mGiven &amp#27;[0m&amp#27;[32mthe category &amp#27;[0m&amp#27;[32m&amp#27;[1m"School"&amp#27;[0m                                     &amp#27;[90m# hellocucumber.StepDefinitionsCategories.the_category(java.lang.String)&amp#27;[0m
  &amp#27;[32mWhen &amp#27;[0m&amp#27;[32mI create the project &amp#27;[0m&amp#27;[32m&amp#27;[1m""&amp#27;[0m&amp#27;[32m in the category &amp#27;[0m&amp#27;[32m&amp#27;[1m"School"&amp#27;[0m           &amp#27;[90m# hellocucumber.StepDefinitionsCategories.i_create_the_project_in_the_category(java.lang.String,java.lang.String)&amp#27;[0m
  &amp#27;[32mThen &amp#27;[0m&amp#27;[32mthe status code of the system is &amp#27;[0m&amp#27;[32m&amp#27;[1m"200"&amp#27;[0m                     &amp#27;[90m# hellocucumber.StepDefinitionsCategories.the_status_code_of_the_system_is(java.lang.String)&amp#27;[0m
  &amp#27;[32mAnd &amp#27;[0m&amp#27;[32mthe project &amp#27;[0m&amp#27;[32m&amp#27;[1m""&amp#27;[0m&amp#27;[32m shall be in the category &amp#27;[0m&amp#27;[32m&amp#27;[1m"School"&amp#27;[0m            &amp#27;[90m# hellocucumber.StepDefinitionsCategories.the_project_shall_be_in_the_category(java.lang.String,java.lang.String)&amp#27;[0m
]]></system-out>
  </testcase>
  <testcase name="Example #1.2" classname="Examples" time="0.034">
    <system-out><![CDATA[
Scenario Outline: Adding a project to a category with an id                            &amp#27;[90m# hellocucumber/ID07_AddingProjectToCategory.feature:37&amp#27;[0m
  &amp#27;[32mGiven &amp#27;[0m&amp#27;[32mthe category &amp#27;[0m&amp#27;[32m&amp#27;[1m"School"&amp#27;[0m                                                          &amp#27;[90m# hellocucumber.StepDefinitionsCategories.the_category(java.lang.String)&amp#27;[0m
  &amp#27;[32mWhen &amp#27;[0m&amp#27;[32mI create the project &amp#27;[0m&amp#27;[32m&amp#27;[1m"project2"&amp#27;[0m&amp#27;[32m with id &amp#27;[0m&amp#27;[32m&amp#27;[1m5&amp#27;[0m&amp#27;[32m in the category &amp#27;[0m&amp#27;[32m&amp#27;[1m"School"&amp#27;[0m              &amp#27;[90m# hellocucumber.StepDefinitionsCategories.i_create_the_project_with_id_in_the_category(java.lang.String,java.lang.Integer,java.lang.String)&amp#27;[0m
  &amp#27;[32mAnd &amp#27;[0m&amp#27;[32mthe error message &amp#27;[0m&amp#27;[32m&amp#27;[1m"Could not find thing matching value for id"&amp#27;[0m&amp#27;[32m is shown for id &amp#27;[0m&amp#27;[32m&amp#27;[1m5&amp#27;[0m &amp#27;[90m# hellocucumber.StepDefinitionsCategories.the_error_message_is_shown_for_id(java.lang.String,int)&amp#27;[0m
]]></system-out>
  </testcase>
  <testcase name="Example #1.2" classname="Examples" time="0.036">
    <system-out><![CDATA[
Scenario Outline: Adjust a category description                         &amp#27;[90m# hellocucumber/ID08_AdjustoCategoryDescription.feature:14&amp#27;[0m
  &amp#27;[32mGiven &amp#27;[0m&amp#27;[32ma category with description A &amp#27;[0m&amp#27;[32m&amp#27;[1m"Office in the conference room"&amp#27;[0m   &amp#27;[90m# hellocucumber.StepDefinitionsCategories.a_category_with_description_a(java.lang.String)&amp#27;[0m
  &amp#27;[32mWhen &amp#27;[0m&amp#27;[32mI update the category description A to &amp#27;[0m&amp#27;[32m&amp#27;[1m"Office in the main room"&amp#27;[0m &amp#27;[90m# hellocucumber.StepDefinitionsCategories.i_update_the_category_description_a_to(java.lang.String)&amp#27;[0m
  &amp#27;[32mThen &amp#27;[0m&amp#27;[32mthe category has description A &amp#27;[0m&amp#27;[32m&amp#27;[1m"Office in the main room"&amp#27;[0m         &amp#27;[90m# hellocucumber.StepDefinitionsCategories.the_category_has_description_a(java.lang.String)&amp#27;[0m
]]></system-out>
  </testcase>
  <testcase name="Example #1.2" classname="Examples" time="0.046">
    <system-out><![CDATA[
Scenario Outline: Adjust a category description                       &amp#27;[90m# hellocucumber/ID08_AdjustoCategoryDescription.feature:24&amp#27;[0m
  &amp#27;[32mGiven &amp#27;[0m&amp#27;[32ma category with description A &amp#27;[0m&amp#27;[32m&amp#27;[1m"Office in the conference room"&amp#27;[0m &amp#27;[90m# hellocucumber.StepDefinitionsCategories.a_category_with_description_a(java.lang.String)&amp#27;[0m
  &amp#27;[32mWhen &amp#27;[0m&amp#27;[32mI update the category description A to &amp#27;[0m&amp#27;[32m&amp#27;[1m""&amp#27;[0m                      &amp#27;[90m# hellocucumber.StepDefinitionsCategories.i_update_the_category_description_a_to(java.lang.String)&amp#27;[0m
  &amp#27;[32mThen &amp#27;[0m&amp#27;[32mthe category has description A &amp#27;[0m&amp#27;[32m&amp#27;[1m""&amp#27;[0m                              &amp#27;[90m# hellocucumber.StepDefinitionsCategories.the_category_has_description_a(java.lang.String)&amp#27;[0m
]]></system-out>
  </testcase>
  <testcase name="Example #1.2" classname="Examples" time="0.027">
    <system-out><![CDATA[
Scenario Outline: Change description with empty category title                &amp#27;[90m# hellocucumber/ID08_AdjustoCategoryDescription.feature:35&amp#27;[0m
  &amp#27;[32mGiven &amp#27;[0m&amp#27;[32ma category with description A &amp#27;[0m&amp#27;[32m&amp#27;[1m"Home before dinner"&amp#27;[0m                    &amp#27;[90m# hellocucumber.StepDefinitionsCategories.a_category_with_description_a(java.lang.String)&amp#27;[0m
  &amp#27;[32mWhen &amp#27;[0m&amp#27;[32mI update the category A &amp#27;[0m&amp#27;[32m&amp#27;[1m""&amp#27;[0m&amp#27;[32m with description &amp#27;[0m&amp#27;[32m&amp#27;[1m"Home after dinner"&amp#27;[0m        &amp#27;[90m# hellocucumber.StepDefinitionsCategories.i_update_the_category_a_with_description(java.lang.String,java.lang.String)&amp#27;[0m
  &amp#27;[32mThen &amp#27;[0m&amp#27;[32mthe status code is &amp#27;[0m&amp#27;[32m&amp#27;[1m"400"&amp#27;[0m                                               &amp#27;[90m# hellocucumber.StepDefinitionsCategories.the_status_code_is(java.lang.String)&amp#27;[0m
  &amp#27;[32mAnd &amp#27;[0m&amp#27;[32mthe error message &amp#27;[0m&amp#27;[32m&amp#27;[1m"Failed Validation: title : can not be empty"&amp#27;[0m&amp#27;[32m appears&amp#27;[0m &amp#27;[90m# hellocucumber.StepDefinitionsCategories.the_error_message_appears(java.lang.String)&amp#27;[0m
]]></system-out>
  </testcase>
  <testcase name="Example #1.2" classname="Examples" time="0.036">
    <system-out><![CDATA[
Scenario Outline: Change category title        &amp#27;[90m# hellocucumber/ID09_ChangeCategoryTitle.feature:14&amp#27;[0m
  &amp#27;[32mGiven &amp#27;[0m&amp#27;[32ma category with title A &amp#27;[0m&amp#27;[32m&amp#27;[1m"Office"&amp#27;[0m       &amp#27;[90m# hellocucumber.StepDefinitionsCategories.a_category_with_title_a(java.lang.String)&amp#27;[0m
  &amp#27;[32mWhen &amp#27;[0m&amp#27;[32mI update the category title A to &amp#27;[0m&amp#27;[32m&amp#27;[1m"Home"&amp#27;[0m &amp#27;[90m# hellocucumber.StepDefinitionsCategories.i_update_the_category_title_a_to(java.lang.String)&amp#27;[0m
  &amp#27;[32mThen &amp#27;[0m&amp#27;[32mthe category has title A &amp#27;[0m&amp#27;[32m&amp#27;[1m"Home"&amp#27;[0m         &amp#27;[90m# hellocucumber.StepDefinitionsCategories.the_category_has_title_a(java.lang.String)&amp#27;[0m
]]></system-out>
  </testcase>
  <testcase name="Example #1.2" classname="Examples" time="0.032">
    <system-out><![CDATA[
Scenario Outline: Change category title with same title &amp#27;[90m# hellocucumber/ID09_ChangeCategoryTitle.feature:24&amp#27;[0m
  &amp#27;[32mGiven &amp#27;[0m&amp#27;[32ma category with title A &amp#27;[0m&amp#27;[32m&amp#27;[1m"Office"&amp#27;[0m                &amp#27;[90m# hellocucumber.StepDefinitionsCategories.a_category_with_title_a(java.lang.String)&amp#27;[0m
  &amp#27;[32mWhen &amp#27;[0m&amp#27;[32mI update the category title A to &amp#27;[0m&amp#27;[32m&amp#27;[1m"Office"&amp#27;[0m        &amp#27;[90m# hellocucumber.StepDefinitionsCategories.i_update_the_category_title_a_to(java.lang.String)&amp#27;[0m
  &amp#27;[32mThen &amp#27;[0m&amp#27;[32mthe category has title A &amp#27;[0m&amp#27;[32m&amp#27;[1m"Office"&amp#27;[0m                &amp#27;[90m# hellocucumber.StepDefinitionsCategories.the_category_has_title_a(java.lang.String)&amp#27;[0m
]]></system-out>
  </testcase>
  <testcase name="Example #1.2" classname="Examples" time="0.052">
    <system-out><![CDATA[
Scenario Outline: Change title with empty category title                      &amp#27;[90m# hellocucumber/ID09_ChangeCategoryTitle.feature:35&amp#27;[0m
  &amp#27;[32mGiven &amp#27;[0m&amp#27;[32ma category with title A &amp#27;[0m&amp#27;[32m&amp#27;[1m"Office"&amp#27;[0m                                      &amp#27;[90m# hellocucumber.StepDefinitionsCategories.a_category_with_title_a(java.lang.String)&amp#27;[0m
  &amp#27;[32mWhen &amp#27;[0m&amp#27;[32mI update the category title A to &amp#27;[0m&amp#27;[32m&amp#27;[1m""&amp#27;[0m                                    &amp#27;[90m# hellocucumber.StepDefinitionsCategories.i_update_the_category_title_a_to(java.lang.String)&amp#27;[0m
  &amp#27;[32mThen &amp#27;[0m&amp#27;[32mthe status code is &amp#27;[0m&amp#27;[32m&amp#27;[1m"400"&amp#27;[0m                                               &amp#27;[90m# hellocucumber.StepDefinitionsCategories.the_status_code_is(java.lang.String)&amp#27;[0m
  &amp#27;[32mAnd &amp#27;[0m&amp#27;[32mthe error message &amp#27;[0m&amp#27;[32m&amp#27;[1m"Failed Validation: title : can not be empty"&amp#27;[0m&amp#27;[32m appears&amp#27;[0m &amp#27;[90m# hellocucumber.StepDefinitionsCategories.the_error_message_appears(java.lang.String)&amp#27;[0m
]]></system-out>
  </testcase>
  <testcase name="Example #1.2" classname="Examples" time="0.033">
    <system-out><![CDATA[
Scenario Outline: Remove category                        &amp#27;[90m# hellocucumber/ID10_RemoveCategory.feature:16&amp#27;[0m
  &amp#27;[32mGiven &amp#27;[0m&amp#27;[32ma category with title A &amp#27;[0m&amp#27;[32m&amp#27;[1m"Office"&amp#27;[0m                 &amp#27;[90m# hellocucumber.StepDefinitionsCategories.a_category_with_title_a(java.lang.String)&amp#27;[0m
  &amp#27;[32mWhen &amp#27;[0m&amp#27;[32mI remove the category title A &amp#27;[0m&amp#27;[32m&amp#27;[1m"Office"&amp#27;[0m            &amp#27;[90m# hellocucumber.StepDefinitionsCategories.i_remove_the_category_title_a(java.lang.String)&amp#27;[0m
  &amp#27;[32mThen &amp#27;[0m&amp#27;[32mthe status code is &amp#27;[0m&amp#27;[32m&amp#27;[1m"200"&amp#27;[0m                          &amp#27;[90m# hellocucumber.StepDefinitionsCategories.the_status_code_is(java.lang.String)&amp#27;[0m
  &amp#27;[32mAnd &amp#27;[0m&amp#27;[32mthe category with title A &amp#27;[0m&amp#27;[32m&amp#27;[1m"Office"&amp#27;[0m&amp#27;[32m will be removed&amp#27;[0m &amp#27;[90m# hellocucumber.StepDefinitionsCategories.the_category_with_title_a_will_be_removed(java.lang.String)&amp#27;[0m
]]></system-out>
  </testcase>
  <testcase name="Example #1.2" classname="Examples" time="0.061">
    <system-out><![CDATA[
Scenario Outline: Remove category                                                &amp#27;[90m# hellocucumber/ID10_RemoveCategory.feature:27&amp#27;[0m
  &amp#27;[32mGiven &amp#27;[0m&amp#27;[32ma category with title A &amp#27;[0m&amp#27;[32m&amp#27;[1m"Office"&amp#27;[0m&amp#27;[32m and project &amp#27;[0m&amp#27;[32m&amp#27;[1m"project2"&amp#27;[0m                  &amp#27;[90m# hellocucumber.StepDefinitionsCategories.a_category_with_title_a_and_project(java.lang.String,java.lang.String)&amp#27;[0m
  &amp#27;[32mWhen &amp#27;[0m&amp#27;[32mI remove the category title A &amp#27;[0m&amp#27;[32m&amp#27;[1m"Office"&amp#27;[0m                                    &amp#27;[90m# hellocucumber.StepDefinitionsCategories.i_remove_the_category_title_a(java.lang.String)&amp#27;[0m
  &amp#27;[32mThen &amp#27;[0m&amp#27;[32mthe status code is &amp#27;[0m&amp#27;[32m&amp#27;[1m"200"&amp#27;[0m                                                  &amp#27;[90m# hellocucumber.StepDefinitionsCategories.the_status_code_is(java.lang.String)&amp#27;[0m
  &amp#27;[32mAnd &amp#27;[0m&amp#27;[32mthe relationship between &amp#27;[0m&amp#27;[32m&amp#27;[1m"project2"&amp#27;[0m&amp#27;[32m and the category &amp#27;[0m&amp#27;[32m&amp#27;[1m"Office"&amp#27;[0m&amp#27;[32m is destroyed&amp#27;[0m &amp#27;[90m# hellocucumber.StepDefinitionsCategories.the_relationship_between_and_the_category_is_destroyed(java.lang.String,java.lang.String)&amp#27;[0m
]]></system-out>
  </testcase>
  <testcase name="Example #1.2" classname="Examples" time="0.038">
    <system-out><![CDATA[
Scenario Outline: Remove category with wrong id                                     &amp#27;[90m# hellocucumber/ID10_RemoveCategory.feature:39&amp#27;[0m
  &amp#27;[32mGiven &amp#27;[0m&amp#27;[32ma category with title A &amp#27;[0m&amp#27;[32m&amp#27;[1m"Office"&amp#27;[0m                                            &amp#27;[90m# hellocucumber.StepDefinitionsCategories.a_category_with_title_a(java.lang.String)&amp#27;[0m
  &amp#27;[32mWhen &amp#27;[0m&amp#27;[32mI remove the category ID &amp#27;[0m&amp#27;[32m&amp#27;[1m5000&amp#27;[0m&amp#27;[32m and title A &amp#27;[0m&amp#27;[32m&amp#27;[1m"Office"&amp#27;[0m                           &amp#27;[90m# hellocucumber.StepDefinitionsCategories.i_remove_the_category_id_and_title_a(java.lang.Integer,java.lang.String)&amp#27;[0m
  &amp#27;[32mThen &amp#27;[0m&amp#27;[32mthe status code is &amp#27;[0m&amp#27;[32m&amp#27;[1m"404"&amp#27;[0m                                                     &amp#27;[90m# hellocucumber.StepDefinitionsCategories.the_status_code_is(java.lang.String)&amp#27;[0m
  &amp#27;[32mAnd &amp#27;[0m&amp#27;[32mthe category with title A &amp#27;[0m&amp#27;[32m&amp#27;[1m"Office"&amp#27;[0m&amp#27;[32m will be not be removed&amp#27;[0m                     &amp#27;[90m# hellocucumber.StepDefinitionsCategories.the_category_with_title_a_will_be_not_be_removed(java.lang.String)&amp#27;[0m
  &amp#27;[32mAnd &amp#27;[0m&amp#27;[32mthe error message &amp#27;[0m&amp#27;[32m&amp#27;[1m"Could not find any instances with categories/5000"&amp#27;[0m&amp#27;[32m appears&amp#27;[0m &amp#27;[90m# hellocucumber.StepDefinitionsCategories.the_error_message_appears(java.lang.String)&amp#27;[0m
]]></system-out>
  </testcase>
  <testcase name="Example #1.3" classname="Examples" time="0.093">
    <system-out><![CDATA[
Scenario Outline: Change description of a non existent task       &amp#27;[90m# hellocucumber/ID01_ChangeTaskDescription.feature:35&amp#27;[0m
  &amp#27;[32mGiven &amp#27;[0m&amp#27;[32ma task with description C &amp#27;[0m&amp#27;[32m&amp#27;[1m"watch recordings"&amp#27;[0m              &amp#27;[90m# hellocucumber.StepDefinitions.a_task_with_description_c(java.lang.String)&amp#27;[0m
  &amp#27;[32mWhen &amp#27;[0m&amp#27;[32mI update the task C &amp#27;[0m&amp#27;[32m&amp#27;[1m"378"&amp#27;[0m&amp#27;[32m with description &amp#27;[0m&amp#27;[32m&amp#27;[1m"do homework 3"&amp#27;[0m &amp#27;[90m# hellocucumber.StepDefinitions.i_update_the_task_c_with_description(java.lang.String,java.lang.String)&amp#27;[0m
  &amp#27;[32mThen &amp#27;[0m&amp#27;[32mthe returned status code is &amp#27;[0m&amp#27;[32m&amp#27;[1m"404"&amp#27;[0m                          &amp#27;[90m# hellocucumber.StepDefinitions.the_returned_status_code_is(java.lang.String)&amp#27;[0m
]]></system-out>
  </testcase>
  <testcase name="Example #1.3" classname="Examples" time="0.048">
    <system-out><![CDATA[
Scenario Outline: Change description with empty category title                &amp#27;[90m# hellocucumber/ID08_AdjustoCategoryDescription.feature:36&amp#27;[0m
  &amp#27;[32mGiven &amp#27;[0m&amp#27;[32ma category with description A &amp#27;[0m&amp#27;[32m&amp#27;[1m"During lunch break"&amp#27;[0m                    &amp#27;[90m# hellocucumber.StepDefinitionsCategories.a_category_with_description_a(java.lang.String)&amp#27;[0m
  &amp#27;[32mWhen &amp#27;[0m&amp#27;[32mI update the category A &amp#27;[0m&amp#27;[32m&amp#27;[1m""&amp#27;[0m&amp#27;[32m with description &amp#27;[0m&amp#27;[32m&amp#27;[1m"Home after dinner"&amp#27;[0m        &amp#27;[90m# hellocucumber.StepDefinitionsCategories.i_update_the_category_a_with_description(java.lang.String,java.lang.String)&amp#27;[0m
  &amp#27;[32mThen &amp#27;[0m&amp#27;[32mthe status code is &amp#27;[0m&amp#27;[32m&amp#27;[1m"400"&amp#27;[0m                                               &amp#27;[90m# hellocucumber.StepDefinitionsCategories.the_status_code_is(java.lang.String)&amp#27;[0m
  &amp#27;[32mAnd &amp#27;[0m&amp#27;[32mthe error message &amp#27;[0m&amp#27;[32m&amp#27;[1m"Failed Validation: title : can not be empty"&amp#27;[0m&amp#27;[32m appears&amp#27;[0m &amp#27;[90m# hellocucumber.StepDefinitionsCategories.the_error_message_appears(java.lang.String)&amp#27;[0m
]]></system-out>
  </testcase>
</testsuite>